STEP translation to Solid Edge
Date: Wednesday,October 23,2019 07:05PM
Source File: C:\Users\lsp00\Documents\Classes\Thunderbird\MG90servo_assembly.STEP
Author: Unknown
Organization: Unknown
Source System: SolidWorks 2018

Hardware:
Processor: Intel(R) Core(TM) i7-6700HQ CPU @ 2.60GHz
Operating System: Windows 8
Installed Memory: 7.84 GB

Software Information
Parasolid Version: 30.1.256
PSBodyShop Version: 30.1.94
Step Adapter Version: 4.0.40
Solid Edge Version: 219.00.01.006 x64

Step Import Options
Import Faceted Bodies: On
Import Check Bodies: Off
Import Curves: On
Import DoNotSave: On
Import Multiple Bodies As Single Part File: On
Import Stitch Surfaces: On
Import Boolean Solids: On
Make Base Feature: On
Simplify Geometry: On
Import Imprint Curves: On
Import Drive: C:
Import Stitch Surfaces: On
Import Surfaces: On
Import Output Path: C:\Users\lsp00\Documents\Classes\Thunderbird
Import Enable Default Output Path: On
Import Path: 

Translating to Parasolid data types...
+Begin Assembly: 1
+Created SE Assembly File C:\Users\lsp00\Documents\Classes\Thunderbird\MG90servo_assembly.asm
|--+Created SE Part File C:\Users\lsp00\Documents\Classes\Thunderbird\MG90servo_body.par
|--+Created SE Part File C:\Users\lsp00\Documents\Classes\Thunderbird\MG90servo_shaft.par
|--+Created SE Part File C:\Users\lsp00\Documents\Classes\Thunderbird\MG90servo_gear.par
+Total Parts: 6
+Assemblies: 0
+Solid Bodies: 6
+Sheet Bodies: 0
+End Assembly: 1
Translation process completed
Total time required to translate and post process:00 : 00 : 12
